src/_android/build/outputs/logs/manifest-merger-debug-report.txt
-- Merging decision tree log ---
manifest
ADDED from src\_android\AndroidManifest.xml:2:1-86:12
	package
		ADDED from src\_android\AndroidManifest.xml:4:2-37
		INJECTED from src\_android\AndroidManifest.xml
		INJECTED from src\_android\AndroidManifest.xml
	android:versionName
		INJECTED from src\_android\AndroidManifest.xml
		INJECTED from src\_android\AndroidManifest.xml
	xmlns:tools
		ADDED from src\_android\AndroidManifest.xml:3:2-48
	xmlns:android
		ADDED from src\_android\AndroidManifest.xml:2:11-69
	android:versionCode
		INJECTED from src\_android\AndroidManifest.xml
		INJECTED from src\_android\AndroidManifest.xml
application
ADDED from src\_android\AndroidManifest.xml:7:2-73:16
MERGED from [com.google.android.gms:play-services:11.4.0] AndroidManifest.xml:5:5-20
MERGED from [com.google.android.gms:play-services-analytics:11.4.0] AndroidManifest.xml:26:5-31:19
MERGED from [com.google.android.gms:play-services-appinvite:11.4.0] AndroidManifest.xml:19:5-26:19
MERGED from [com.google.android.gms:play-services-auth:11.4.0] AndroidManifest.xml:19:5-25:19
MERGED from [com.google.android.gms:play-services-cast-framework:11.4.0] AndroidManifest.xml:4:5-8:19
MERGED from [com.google.android.gms:play-services-cast:11.4.0] AndroidManifest.xml:18:5-19
MERGED from [com.android.support:mediarouter-v7:25.2.0] AndroidManifest.xml:22:5-20
MERGED from [com.android.support:palette-v7:25.2.0] AndroidManifest.xml:22:5-23:19
MERGED from [com.google.android.gms:play-services-awareness:11.4.0] AndroidManifest.xml:18:5-19
MERGED from [com.google.firebase:firebase-crash:11.4.0] AndroidManifest.xml:22:5-23:19
MERGED from [com.google.android.gms:play-services-fido:11.4.0] AndroidManifest.xml:5:3-6:17
MERGED from [com.google.firebase:firebase-auth:11.4.0] AndroidManifest.xml:19:5-20:19
MERGED from [com.google.firebase:firebase-dynamic-links:11.4.0] AndroidManifest.xml:5:3-17
MERGED from [com.google.firebase:firebase-messaging:11.4.0] AndroidManifest.xml:19:5-29:19
MERGED from [com.google.android.gms:play-services-fitness:11.4.0] AndroidManifest.xml:18:5-19
MERGED from [com.google.android.gms:play-services-games:11.4.0] AndroidManifest.xml:18:5-19
MERGED from [com.google.android.gms:play-services-drive:11.4.0] AndroidManifest.xml:18:5-19
MERGED from [com.google.android.gms:play-services-gcm:11.4.0] AndroidManifest.xml:23:5-19
MERGED from [com.google.firebase:firebase-appindexing:11.4.0] AndroidManifest.xml:18:5-19
MERGED from [com.google.android.gms:play-services-iid:11.4.0] AndroidManifest.xml:23:5-19
MERGED from [com.google.android.gms:play-services-location:11.4.0] AndroidManifest.xml:4:5-19
MERGED from [com.google.android.gms:play-services-nearby:11.4.0] AndroidManifest.xml:5:5-19
MERGED from [com.google.android.gms:play-services-panorama:11.4.0] AndroidManifest.xml:18:5-19
MERGED from [com.google.android.gms:play-services-places:11.4.0] AndroidManifest.xml:18:5-19
MERGED from [com.google.android.gms:play-services-plus:11.4.0] AndroidManifest.xml:18:5-19
MERGED from [com.google.android.gms:play-services-safetynet:11.4.0] AndroidManifest.xml:18:5-19
MERGED from [com.google.android.gms:play-services-tagmanager-api:11.4.0] AndroidManifest.xml:23:5-33:19
MERGED from [com.google.android.gms:play-services-tagmanager-v4-impl:11.4.0] AndroidManifest.xml:19:5-19
MERGED from [com.google.android.gms:play-services-analytics-impl:11.4.0] AndroidManifest.xml:26:5-19
MERGED from [com.google.android.gms:play-services-vision:11.4.0] AndroidManifest.xml:4:5-19
MERGED from [com.google.android.gms:play-services-vision-common:11.4.0] AndroidManifest.xml:4:5-19
MERGED from [com.google.android.gms:play-services-identity:11.4.0] AndroidManifest.xml:18:5-19
MERGED from [com.google.android.gms:play-services-maps:11.4.0] AndroidManifest.xml:24:5-19
MERGED from [com.google.android.gms:play-services-wearable:11.4.0] AndroidManifest.xml:18:5-19
MERGED from [com.google.firebase:firebase-core:11.4.0] AndroidManifest.xml:5:5-20
MERGED from [com.google.firebase:firebase-ads:11.4.0] AndroidManifest.xml:5:5-20
MERGED from [com.google.android.gms:play-services-ads-lite:11.4.0] AndroidManifest.xml:23:5-26:19
MERGED from [com.google.android.gms:play-services-gass:11.4.0] AndroidManifest.xml:4:5-19
MERGED from [com.google.firebase:firebase-analytics:11.4.0] AndroidManifest.xml:24:5-34:19
MERGED from [com.google.firebase:firebase-analytics-impl:11.4.0] AndroidManifest.xml:24:5-28:19
MERGED from [com.google.firebase:firebase-config:11.4.0] AndroidManifest.xml:18:5-19
MERGED from [com.google.android.gms:play-services-base:11.4.0] AndroidManifest.xml:18:5-20:19
MERGED from [com.google.firebase:firebase-iid:11.4.0] AndroidManifest.xml:28:5-49:19
MERGED from [com.google.firebase:firebase-common:11.4.0] AndroidManifest.xml:4:5-7:19
MERGED from [com.google.android.gms:play-services-tasks:11.4.0] AndroidManifest.xml:4:5-19
MERGED from [com.google.android.gms:play-services-basement:11.4.0] AndroidManifest.xml:19:5-21:19
MERGED from [com.facebook.android:facebook-android-sdk:4.28.0] AndroidManifest.xml:28:5-29:19
MERGED from [com.facebook.android:facebook-login:4.28.0] AndroidManifest.xml:28:5-29:19
MERGED from [com.facebook.android:facebook-share:4.28.0] AndroidManifest.xml:28:5-29:19
MERGED from [com.facebook.android:facebook-common:4.28.0] AndroidManifest.xml:28:5-34:19
MERGED from [com.android.support:appcompat-v7:25.3.1] AndroidManifest.xml:29:5-20
MERGED from [com.android.support:animated-vector-drawable:25.3.1] AndroidManifest.xml:26:5-20
MERGED from [com.android.support:support-vector-drawable:25.3.1] AndroidManifest.xml:26:5-20
MERGED from [com.android.support:cardview-v7:25.3.1] AndroidManifest.xml:26:5-20
MERGED from [com.android.support:customtabs:25.3.1] AndroidManifest.xml:26:5-20
MERGED from [com.facebook.android:facebook-places:4.28.0] AndroidManifest.xml:28:5-29:19
MERGED from [com.facebook.android:facebook-applinks:4.28.0] AndroidManifest.xml:28:5-29:19
MERGED from [com.facebook.android:facebook-messenger:4.28.0] AndroidManifest.xml:28:5-29:19
MERGED from [com.facebook.android:facebook-core:4.28.0] AndroidManifest.xml:28:5-43:19
MERGED from [com.gamesparks.sdk:gamesparks-android-client-sdk:0.2.3] AndroidManifest.xml:11:5-20:19
MERGED from [com.android.support:support-v4:25.3.1] AndroidManifest.xml:29:5-20
MERGED from [com.android.support:support-fragment:25.3.1] AndroidManifest.xml:29:5-20
MERGED from [com.android.support:support-media-compat:25.3.1] AndroidManifest.xml:29:5-20
MERGED from [com.android.support:support-core-ui:25.3.1] AndroidManifest.xml:29:5-20
MERGED from [com.android.support:support-core-utils:25.3.1] AndroidManifest.xml:29:5-20
MERGED from [com.android.support:support-compat:25.3.1] AndroidManifest.xml:29:5-20
	android:label
		ADDED from src\_android\AndroidManifest.xml:7:43-75
	android:supportsRtl
		ADDED from [com.facebook.android:facebook-android-sdk:4.28.0] AndroidManifest.xml:28:18-44
	android:icon
		ADDED from src\_android\AndroidManifest.xml:7:15-42
		REJECTED from [com.gamesparks.sdk:gamesparks-android-client-sdk:0.2.3] AndroidManifest.xml:13:9-45
	android:allowBackup
		ADDED from [com.gamesparks.sdk:gamesparks-android-client-sdk:0.2.3] AndroidManifest.xml:12:9-35
	android:theme
		ADDED from [com.gamesparks.sdk:gamesparks-android-client-sdk:0.2.3] AndroidManifest.xml:15:9-40
	tools:replace
		ADDED from src\_android\AndroidManifest.xml:8:3-31
meta-data#com.facebook.sdk.ApplicationId
ADDED from src\_android\AndroidManifest.xml:9:3-101
	android:value
		ADDED from src\_android\AndroidManifest.xml:9:60-99
	android:name
		ADDED from src\_android\AndroidManifest.xml:9:14-59
meta-data#com.google.android.gms.version
ADDED from src\_android\AndroidManifest.xml:10:3-116
MERGED from [com.google.android.gms:play-services-basement:11.4.0] AndroidManifest.xml:20:9-121
	android:value
		ADDED from src\_android\AndroidManifest.xml:10:60-113
	android:name
		ADDED from src\_android\AndroidManifest.xml:10:14-59
meta-data#com.google.android.gms.games.APP_ID
ADDED from src\_android\AndroidManifest.xml:11:3-109
	android:value
		ADDED from src\_android\AndroidManifest.xml:11:65-107
	android:name
		ADDED from src\_android\AndroidManifest.xml:11:14-64
meta-data#firebase_analytics_collection_enabled
ADDED from src\_android\AndroidManifest.xml:12:3-90
	android:value
		ADDED from src\_android\AndroidManifest.xml:12:67-87
	android:name
		ADDED from src\_android\AndroidManifest.xml:12:14-66
meta-data#applovin.sdk.key
ADDED from src\_android\AndroidManifest.xml:13:3-14:110
	android:value
		ADDED from src\_android\AndroidManifest.xml:14:4-106
	android:name
		ADDED from src\_android\AndroidManifest.xml:13:14-45
activity#topebox.game.higherhigher.MainActivity
ADDED from src\_android\AndroidManifest.xml:15:9-26:20
	android:label
		ADDED from src\_android\AndroidManifest.xml:16:19-51
	android:supportsPictureInPicture
		ADDED from src\_android\AndroidManifest.xml:20:7-47
	android:resizeableActivity
		ADDED from src\_android\AndroidManifest.xml:19:7-40
	android:configChanges
		ADDED from src\_android\AndroidManifest.xml:18:7-68
	android:theme
		ADDED from src\_android\AndroidManifest.xml:17:7-65
	android:name
		ADDED from src\_android\AndroidManifest.xml:15:19-46
intent-filter#android.intent.action.MAIN+android.intent.category.LAUNCHER
ADDED from src\_android\AndroidManifest.xml:22:13-25:29
action#android.intent.action.MAIN
ADDED from src\_android\AndroidManifest.xml:23:17-69
	android:name
		ADDED from src\_android\AndroidManifest.xml:23:25-66
category#android.intent.category.LAUNCHER
ADDED from src\_android\AndroidManifest.xml:24:17-77
	android:name
		ADDED from src\_android\AndroidManifest.xml:24:27-74
activity#com.facebook.FacebookActivity
ADDED from src\_android\AndroidManifest.xml:28:3-30:39
MERGED from [com.facebook.android:facebook-common:4.28.0] AndroidManifest.xml:29:9-32:66
	android:label
		ADDED from src\_android\AndroidManifest.xml:30:4-36
	android:configChanges
		ADDED from src\_android\AndroidManifest.xml:29:4-87
	android:theme
		ADDED from [com.facebook.android:facebook-common:4.28.0] AndroidManifest.xml:32:13-63
	android:name
		ADDED from src\_android\AndroidManifest.xml:28:13-57
activity#com.google.android.gms.ads.AdActivity
ADDED from src\_android\AndroidManifest.xml:32:3-35:56
MERGED from [com.google.android.gms:play-services-ads-lite:11.4.0] AndroidManifest.xml:25:9-257
	android:exported
		ADDED from [com.google.android.gms:play-services-ads-lite:11.4.0] AndroidManifest.xml:25:231-255
	android:configChanges
		ADDED from src\_android\AndroidManifest.xml:33:5-114
	android:theme
		ADDED from src\_android\AndroidManifest.xml:35:5-53
	android:name
		ADDED from src\_android\AndroidManifest.xml:32:13-65
activity#com.unity3d.ads.android.view.UnityAdsFullscreenActivity
ADDED from src\_android\AndroidManifest.xml:38:3-42:49
	android:hardwareAccelerated
		ADDED from src\_android\AndroidManifest.xml:42:12-46
	android:configChanges
		ADDED from src\_android\AndroidManifest.xml:40:12-169
	android:theme
		ADDED from src\_android\AndroidManifest.xml:41:12-70
	android:name
		ADDED from src\_android\AndroidManifest.xml:39:9-79
activity#com.chartboost.sdk.CBImpressionActivity
ADDED from src\_android\AndroidManifest.xml:44:3-48:80
	android:excludeFromRecents
		ADDED from src\_android\AndroidManifest.xml:45:16-49
	android:hardwareAccelerated
		ADDED from src\_android\AndroidManifest.xml:46:16-50
	android:configChanges
		ADDED from src\_android\AndroidManifest.xml:48:16-77
	android:theme
		ADDED from src\_android\AndroidManifest.xml:47:16-86
	android:name
		ADDED from src\_android\AndroidManifest.xml:44:13-67
activity#com.applovin.adview.AppLovinInterstitialActivity
ADDED from src\_android\AndroidManifest.xml:50:3-125
	android:configChanges
		ADDED from src\_android\AndroidManifest.xml:50:77-123
	android:name
		ADDED from src\_android\AndroidManifest.xml:50:13-76
activity#com.applovin.adview.AppLovinConfirmationActivity
ADDED from src\_android\AndroidManifest.xml:51:3-125
	android:configChanges
		ADDED from src\_android\AndroidManifest.xml:51:77-123
	android:name
		ADDED from src\_android\AndroidManifest.xml:51:13-76
activity#com.vungle.publisher.VideoFullScreenAdActivity
ADDED from src\_android\AndroidManifest.xml:52:3-54:64
	android:configChanges
		ADDED from src\_android\AndroidManifest.xml:53:4-97
	android:theme
		ADDED from src\_android\AndroidManifest.xml:54:4-62
	android:name
		ADDED from src\_android\AndroidManifest.xml:52:13-74
activity#com.vungle.publisher.MraidFullScreenAdActivity
ADDED from src\_android\AndroidManifest.xml:56:3-58:76
	android:configChanges
		ADDED from src\_android\AndroidManifest.xml:57:4-97
	android:theme
		ADDED from src\_android\AndroidManifest.xml:58:4-74
	android:name
		ADDED from src\_android\AndroidManifest.xml:56:13-74
activity#com.vungle.publisher.FlexViewAdActivity
ADDED from src\_android\AndroidManifest.xml:60:3-62:76
	android:configChanges
		ADDED from src\_android\AndroidManifest.xml:61:4-97
	android:theme
		ADDED from src\_android\AndroidManifest.xml:62:4-74
	android:name
		ADDED from src\_android\AndroidManifest.xml:60:13-67
activity#topebox.game.Notification.NotificationActivity
ADDED from src\_android\AndroidManifest.xml:64:5-78
	android:name
		ADDED from src\_android\AndroidManifest.xml:64:15-76
receiver#topebox.game.Notification.HigherHigherAlarmReceiver
ADDED from src\_android\AndroidManifest.xml:65:5-71:16
	android:icon
		ADDED from src\_android\AndroidManifest.xml:66:9-36
	android:name
		ADDED from src\_android\AndroidManifest.xml:65:15-81
intent-filter#android.intent.category.DEFAULT+android.media.action.DISPLAY_NOTIFICATION
ADDED from src\_android\AndroidManifest.xml:67:9-70:25
action#android.media.action.DISPLAY_NOTIFICATION
ADDED from src\_android\AndroidManifest.xml:68:13-80
	android:name
		ADDED from src\_android\AndroidManifest.xml:68:21-77
category#android.intent.category.DEFAULT
ADDED from src\_android\AndroidManifest.xml:69:13-72
	android:name
		ADDED from src\_android\AndroidManifest.xml:69:23-69
uses-feature#0x00010001
ADDED from src\_android\AndroidManifest.xml:76:2-50
	android:glEsVersion
		ADDED from src\_android\AndroidManifest.xml:76:16-48
uses-permission#android.permission.INTERNET
ADDED from src\_android\AndroidManifest.xml:77:2-63
MERGED from [com.google.android.gms:play-services-analytics:11.4.0] AndroidManifest.xml:20:5-66
MERGED from [com.google.android.gms:play-services-appinvite:11.4.0] AndroidManifest.xml:18:5-66
MERGED from [com.google.firebase:firebase-crash:11.4.0] AndroidManifest.xml:18:5-66
MERGED from [com.google.android.gms:play-services-gcm:11.4.0] AndroidManifest.xml:21:5-66
MERGED from [com.google.android.gms:play-services-iid:11.4.0] AndroidManifest.xml:21:5-66
MERGED from [com.google.android.gms:play-services-tagmanager-api:11.4.0] AndroidManifest.xml:20:5-66
MERGED from [com.google.android.gms:play-services-analytics-impl:11.4.0] AndroidManifest.xml:20:5-66
MERGED from [com.google.android.gms:play-services-maps:11.4.0] AndroidManifest.xml:20:5-66
MERGED from [com.google.android.gms:play-services-ads-lite:11.4.0] AndroidManifest.xml:19:5-66
MERGED from [com.google.firebase:firebase-analytics:11.4.0] AndroidManifest.xml:20:5-66
MERGED from [com.google.firebase:firebase-analytics-impl:11.4.0] AndroidManifest.xml:20:5-66
MERGED from [com.google.firebase:firebase-iid:11.4.0] AndroidManifest.xml:20:5-66
	android:name
		ADDED from src\_android\AndroidManifest.xml:77:19-61
uses-permission#android.permission.ACCESS_NETWORK_STATE
ADDED from src\_android\AndroidManifest.xml:78:2-75
MERGED from [com.google.android.gms:play-services-analytics:11.4.0] AndroidManifest.xml:21:5-78
MERGED from [com.google.android.gms:play-services-nearby:11.4.0] AndroidManifest.xml:4:5-78
MERGED from [com.google.android.gms:play-services-tagmanager-api:11.4.0] AndroidManifest.xml:21:5-78
MERGED from [com.google.android.gms:play-services-analytics-impl:11.4.0] AndroidManifest.xml:21:5-78
MERGED from [com.google.android.gms:play-services-maps:11.4.0] AndroidManifest.xml:19:5-78
MERGED from [com.google.android.gms:play-services-ads-lite:11.4.0] AndroidManifest.xml:20:5-78
MERGED from [com.google.firebase:firebase-analytics:11.4.0] AndroidManifest.xml:21:5-78
MERGED from [com.google.firebase:firebase-analytics-impl:11.4.0] AndroidManifest.xml:21:5-78
MERGED from [com.google.firebase:firebase-iid:11.4.0] AndroidManifest.xml:19:5-78
	android:name
		ADDED from src\_android\AndroidManifest.xml:78:19-73
uses-permission#android.permission.ACCESS_WIFI_STATE
ADDED from src\_android\AndroidManifest.xml:79:2-72
	android:name
		ADDED from src\_android\AndroidManifest.xml:79:19-70
uses-permission#android.permission.WAKE_LOCK
ADDED from src\_android\AndroidManifest.xml:80:2-64
MERGED from [com.google.android.gms:play-services-analytics:11.4.0] AndroidManifest.xml:24:5-67
MERGED from [com.google.android.gms:play-services-analytics-impl:11.4.0] AndroidManifest.xml:24:5-67
MERGED from [com.google.firebase:firebase-analytics:11.4.0] AndroidManifest.xml:22:5-67
MERGED from [com.google.firebase:firebase-analytics-impl:11.4.0] AndroidManifest.xml:22:5-67
MERGED from [com.google.firebase:firebase-iid:11.4.0] AndroidManifest.xml:21:5-67
	android:name
		ADDED from src\_android\AndroidManifest.xml:80:19-62
uses-permission#com.android.vending.BILLING
ADDED from src\_android\AndroidManifest.xml:81:2-64
	android:name
		ADDED from src\_android\AndroidManifest.xml:81:19-61
uses-permission#android.permission.READ_PHONE_STATE
ADDED from src\_android\AndroidManifest.xml:82:2-72
	android:name
		ADDED from src\_android\AndroidManifest.xml:82:19-69
uses-permission#android.permission.WRITE_EXTERNAL_STORAGE
ADDED from src\_android\AndroidManifest.xml:83:2-104
	android:maxSdkVersion
		ADDED from src\_android\AndroidManifest.xml:83:76-102
	android:name
		ADDED from src\_android\AndroidManifest.xml:83:19-75
uses-permission#android.permission.ACCESS_FINE_LOCATION
ADDED from src\_android\AndroidManifest.xml:84:2-76
	android:name
		ADDED from src\_android\AndroidManifest.xml:84:19-73
uses-permission#android.permission.VIBRATE
ADDED from src\_android\AndroidManifest.xml:85:2-63
	android:name
		ADDED from src\_android\AndroidManifest.xml:85:19-60
uses-sdk
INJECTED from src\_android\AndroidManifest.xml reason: use-sdk injection requested
MERGED from [com.google.android.gms:play-services:11.4.0] AndroidManifest.xml:4:5-43
MERGED from [com.google.android.gms:play-services-analytics:11.4.0] AndroidManifest.xml:17:5-43
MERGED from [com.google.android.gms:play-services-appinvite:11.4.0] AndroidManifest.xml:17:5-43
MERGED from [com.google.android.gms:play-services-auth:11.4.0] AndroidManifest.xml:17:5-43
MERGED from [com.google.android.gms:play-services-auth-api-phone:11.4.0] AndroidManifest.xml:3:3-41
MERGED from [com.google.android.gms:play-services-auth-base:11.4.0] AndroidManifest.xml:4:5-43
MERGED from [com.google.android.gms:play-services-cast-framework:11.4.0] AndroidManifest.xml:3:5-43
MERGED from [com.google.android.gms:play-services-cast:11.4.0] AndroidManifest.xml:17:5-43
MERGED from [com.android.support:mediarouter-v7:25.2.0] AndroidManifest.xml:20:5-43
MERGED from [com.android.support:palette-v7:25.2.0] AndroidManifest.xml:20:5-43
MERGED from [com.google.android.gms:play-services-awareness:11.4.0] AndroidManifest.xml:17:5-43
MERGED from [com.google.firebase:firebase-crash:11.4.0] AndroidManifest.xml:20:5-43
MERGED from [com.google.android.gms:play-services-fido:11.4.0] AndroidManifest.xml:4:3-41
MERGED from [com.google.firebase:firebase-auth:11.4.0] AndroidManifest.xml:17:5-43
MERGED from [com.google.firebase:firebase-database:11.4.0] AndroidManifest.xml:3:5-43
MERGED from [com.google.firebase:firebase-database-connection:11.4.0] AndroidManifest.xml:3:5-43
MERGED from [com.google.firebase:firebase-dynamic-links:11.4.0] AndroidManifest.xml:3:3-41
MERGED from [com.google.firebase:firebase-messaging:11.4.0] AndroidManifest.xml:17:5-43
MERGED from [com.google.firebase:firebase-storage:11.4.0] AndroidManifest.xml:3:5-43
MERGED from [com.google.firebase:firebase-storage-common:11.4.0] AndroidManifest.xml:3:5-43
MERGED from [com.google.android.gms:play-services-fitness:11.4.0] AndroidManifest.xml:17:5-43
MERGED from [com.google.android.gms:play-services-games:11.4.0] AndroidManifest.xml:17:5-43
MERGED from [com.google.android.gms:play-services-drive:11.4.0] AndroidManifest.xml:17:5-43
MERGED from [com.google.android.gms:play-services-gcm:11.4.0] AndroidManifest.xml:17:5-43
MERGED from [com.google.firebase:firebase-appindexing:11.4.0] AndroidManifest.xml:17:5-43
MERGED from [com.google.android.gms:play-services-iid:11.4.0] AndroidManifest.xml:17:5-43
MERGED from [com.google.android.gms:play-services-instantapps:11.4.0] AndroidManifest.xml:3:5-43
MERGED from [com.google.android.gms:play-services-location:11.4.0] AndroidManifest.xml:3:5-43
MERGED from [com.google.android.gms:play-services-nearby:11.4.0] AndroidManifest.xml:3:5-43
MERGED from [com.google.android.gms:play-services-panorama:11.4.0] AndroidManifest.xml:17:5-43
MERGED from [com.google.android.gms:play-services-places:11.4.0] AndroidManifest.xml:17:5-43
MERGED from [com.google.android.gms:play-services-plus:11.4.0] AndroidManifest.xml:17:5-43
MERGED from [com.google.android.gms:play-services-safetynet:11.4.0] AndroidManifest.xml:17:5-43
MERGED from [com.google.android.gms:play-services-tagmanager:11.4.0] AndroidManifest.xml:17:5-43
MERGED from [com.google.android.gms:play-services-tagmanager-api:11.4.0] AndroidManifest.xml:17:5-43
MERGED from [com.google.android.gms:play-services-tagmanager-v4-impl:11.4.0] AndroidManifest.xml:17:5-43
MERGED from [com.google.android.gms:play-services-analytics-impl:11.4.0] AndroidManifest.xml:17:5-43
MERGED from [com.google.android.gms:play-services-vision:11.4.0] AndroidManifest.xml:3:5-43
MERGED from [com.google.android.gms:play-services-vision-common:11.4.0] AndroidManifest.xml:3:5-43
MERGED from [com.google.android.gms:play-services-wallet:11.4.0] AndroidManifest.xml:18:5-43
MERGED from [com.google.android.gms:play-services-identity:11.4.0] AndroidManifest.xml:17:5-43
MERGED from [com.google.android.gms:play-services-maps:11.4.0] AndroidManifest.xml:23:5-43
MERGED from [com.google.android.gms:play-services-wearable:11.4.0] AndroidManifest.xml:17:5-43
MERGED from [com.google.firebase:firebase-core:11.4.0] AndroidManifest.xml:4:5-43
MERGED from [com.google.firebase:firebase-ads:11.4.0] AndroidManifest.xml:4:5-43
MERGED from [com.google.android.gms:play-services-ads:11.4.0] AndroidManifest.xml:17:5-94
MERGED from [com.google.android.gms:play-services-ads-lite:11.4.0] AndroidManifest.xml:22:5-43
MERGED from [com.google.android.gms:play-services-gass:11.4.0] AndroidManifest.xml:3:5-43
MERGED from [com.google.firebase:firebase-analytics:11.4.0] AndroidManifest.xml:17:5-43
MERGED from [com.google.firebase:firebase-analytics-impl:11.4.0] AndroidManifest.xml:17:5-43
MERGED from [com.google.firebase:firebase-config:11.4.0] AndroidManifest.xml:17:5-43
MERGED from [com.google.android.gms:play-services-base:11.4.0] AndroidManifest.xml:17:5-43
MERGED from [com.google.firebase:firebase-iid:11.4.0] AndroidManifest.xml:17:5-43
MERGED from [com.google.firebase:firebase-common:11.4.0] AndroidManifest.xml:3:5-43
MERGED from [com.google.android.gms:play-services-tasks:11.4.0] AndroidManifest.xml:3:5-43
MERGED from [com.google.android.gms:play-services-basement:11.4.0] AndroidManifest.xml:17:5-43
MERGED from [com.facebook.android:facebook-android-sdk:4.28.0] AndroidManifest.xml:24:5-26:41
MERGED from [com.facebook.android:facebook-login:4.28.0] AndroidManifest.xml:24:5-26:41
MERGED from [com.facebook.android:facebook-share:4.28.0] AndroidManifest.xml:24:5-26:41
MERGED from [com.facebook.android:facebook-common:4.28.0] AndroidManifest.xml:24:5-26:41
MERGED from [com.android.support:appcompat-v7:25.3.1] AndroidManifest.xml:21:5-23:78
MERGED from [com.android.support:animated-vector-drawable:25.3.1] AndroidManifest.xml:20:5-44
MERGED from [com.android.support:support-vector-drawable:25.3.1] AndroidManifest.xml:20:5-43
MERGED from [com.android.support:cardview-v7:25.3.1] AndroidManifest.xml:20:5-43
MERGED from [com.android.support:customtabs:25.3.1] AndroidManifest.xml:20:5-44
MERGED from [com.facebook.android:facebook-places:4.28.0] AndroidManifest.xml:24:5-26:41
MERGED from [com.facebook.android:facebook-applinks:4.28.0] AndroidManifest.xml:24:5-26:41
MERGED from [com.facebook.android:facebook-messenger:4.28.0] AndroidManifest.xml:24:5-26:41
MERGED from [com.facebook.android:facebook-core:4.28.0] AndroidManifest.xml:24:5-26:41
MERGED from [com.gamesparks.sdk:gamesparks-android-client-sdk:0.2.3] AndroidManifest.xml:7:5-9:41
MERGED from [com.android.support:support-v4:25.3.1] AndroidManifest.xml:21:5-23:54
MERGED from [com.android.support:support-fragment:25.3.1] AndroidManifest.xml:21:5-23:60
MERGED from [com.android.support:support-media-compat:25.3.1] AndroidManifest.xml:21:5-23:63
MERGED from [com.android.support:support-core-ui:25.3.1] AndroidManifest.xml:21:5-23:58
MERGED from [com.android.support:support-core-utils:25.3.1] AndroidManifest.xml:21:5-23:61
MERGED from [com.android.support:support-compat:25.3.1] AndroidManifest.xml:21:5-23:58
	tools:overrideLibrary
		ADDED from [com.google.android.gms:play-services-ads:11.4.0] AndroidManifest.xml:17:42-92
	android:targetSdkVersion
		INJECTED from src\_android\AndroidManifest.xml
		INJECTED from src\_android\AndroidManifest.xml
	android:minSdkVersion
		INJECTED from src\_android\AndroidManifest.xml
		INJECTED from src\_android\AndroidManifest.xml
receiver#com.google.android.gms.analytics.AnalyticsReceiver
ADDED from [com.google.android.gms:play-services-analytics:11.4.0] AndroidManifest.xml:27:9-28:20
	android:enabled
		ADDED from [com.google.android.gms:play-services-analytics:11.4.0] AndroidManifest.xml:27:85-107
	android:exported
		ADDED from [com.google.android.gms:play-services-analytics:11.4.0] AndroidManifest.xml:27:108-132
	android:name
		ADDED from [com.google.android.gms:play-services-analytics:11.4.0] AndroidManifest.xml:27:19-84
service#com.google.android.gms.analytics.AnalyticsService
ADDED from [com.google.android.gms:play-services-analytics:11.4.0] AndroidManifest.xml:29:9-132
	android:enabled
		ADDED from [com.google.android.gms:play-services-analytics:11.4.0] AndroidManifest.xml:29:83-105
	android:exported
		ADDED from [com.google.android.gms:play-services-analytics:11.4.0] AndroidManifest.xml:29:106-130
	android:name
		ADDED from [com.google.android.gms:play-services-analytics:11.4.0] AndroidManifest.xml:29:18-82
service#com.google.android.gms.analytics.AnalyticsJobService
ADDED from [com.google.android.gms:play-services-analytics:11.4.0] AndroidManifest.xml:30:9-192
	android:enabled
		ADDED from [com.google.android.gms:play-services-analytics:11.4.0] AndroidManifest.xml:30:143-165
	android:exported
		ADDED from [com.google.android.gms:play-services-analytics:11.4.0] AndroidManifest.xml:30:166-190
	android:permission
		ADDED from [com.google.android.gms:play-services-analytics:11.4.0] AndroidManifest.xml:30:86-142
	android:name
		ADDED from [com.google.android.gms:play-services-analytics:11.4.0] AndroidManifest.xml:30:18-85
activity#com.google.android.gms.appinvite.PreviewActivity
ADDED from [com.google.android.gms:play-services-appinvite:11.4.0] AndroidManifest.xml:20:9-25:20
	android:exported
		ADDED from [com.google.android.gms:play-services-appinvite:11.4.0] AndroidManifest.xml:20:51-74
	android:theme
		ADDED from [com.google.android.gms:play-services-appinvite:11.4.0] AndroidManifest.xml:20:75-121
	android:name
		ADDED from [com.google.android.gms:play-services-appinvite:11.4.0] AndroidManifest.xml:20:19-50
intent-filter#android.intent.category.DEFAULT+com.google.android.gms.appinvite.ACTION_PREVIEW
ADDED from [com.google.android.gms:play-services-appinvite:11.4.0] AndroidManifest.xml:21:13-24:29
action#com.google.android.gms.appinvite.ACTION_PREVIEW
ADDED from [com.google.android.gms:play-services-appinvite:11.4.0] AndroidManifest.xml:22:17-89
	android:name
		ADDED from [com.google.android.gms:play-services-appinvite:11.4.0] AndroidManifest.xml:22:25-87
activity#com.google.android.gms.auth.api.signin.internal.SignInHubActivity
ADDED from [com.google.android.gms:play-services-auth:11.4.0] AndroidManifest.xml:20:9-189
	android:excludeFromRecents
		ADDED from [com.google.android.gms:play-services-auth:11.4.0] AndroidManifest.xml:20:129-162
	android:exported
		ADDED from [com.google.android.gms:play-services-auth:11.4.0] AndroidManifest.xml:20:163-187
	android:theme
		ADDED from [com.google.android.gms:play-services-auth:11.4.0] AndroidManifest.xml:20:69-128
	android:name
		ADDED from [com.google.android.gms:play-services-auth:11.4.0] AndroidManifest.xml:20:19-68
service#com.google.android.gms.auth.api.signin.RevocationBoundService
ADDED from [com.google.android.gms:play-services-auth:11.4.0] AndroidManifest.xml:24:9-184
	android:exported
		ADDED from [com.google.android.gms:play-services-auth:11.4.0] AndroidManifest.xml:24:64-87
	android:permission
		ADDED from [com.google.android.gms:play-services-auth:11.4.0] AndroidManifest.xml:24:88-182
	android:name
		ADDED from [com.google.android.gms:play-services-auth:11.4.0] AndroidManifest.xml:24:18-63
receiver#com.google.android.gms.cast.framework.media.MediaIntentReceiver
ADDED from [com.google.android.gms:play-services-cast-framework:11.4.0] AndroidManifest.xml:5:9-99
	android:name
		ADDED from [com.google.android.gms:play-services-cast-framework:11.4.0] AndroidManifest.xml:5:19-97
service#com.google.android.gms.cast.framework.media.MediaNotificationService
ADDED from [com.google.android.gms:play-services-cast-framework:11.4.0] AndroidManifest.xml:6:9-103
	android:name
		ADDED from [com.google.android.gms:play-services-cast-framework:11.4.0] AndroidManifest.xml:6:18-101
service#com.google.android.gms.cast.framework.ReconnectionService
ADDED from [com.google.android.gms:play-services-cast-framework:11.4.0] AndroidManifest.xml:7:9-92
	android:name